{"/Users/muskasaid/diaryapp/backend/server.js": {"path":"/Users/muskasaid/diaryapp/backend/server.js","statementMap":{"0":{"start":{"line":8,"column":0},"end":{"line":8,"column":16}},"1":{"start":{"line":9,"column":13},"end":{"line":9,"column":29}},"2":{"start":{"line":11,"column":12},"end":{"line":11,"column":21}},"3":{"start":{"line":12,"column":0},"end":{"line":12,"column":24}},"4":{"start":{"line":13,"column":0},"end":{"line":13,"column":16}},"5":{"start":{"line":15,"column":0},"end":{"line":18,"column":2}},"6":{"start":{"line":16,"column":4},"end":{"line":16,"column":38}},"7":{"start":{"line":17,"column":4},"end":{"line":17,"column":11}},"8":{"start":{"line":20,"column":0},"end":{"line":20,"column":34}},"9":{"start":{"line":21,"column":0},"end":{"line":21,"column":33}},"10":{"start":{"line":23,"column":18},"end":{"line":36,"column":1}},"11":{"start":{"line":24,"column":4},"end":{"line":35,"column":5}},"12":{"start":{"line":25,"column":8},"end":{"line":25,"column":42}},"13":{"start":{"line":27,"column":8},"end":{"line":30,"column":11}},"14":{"start":{"line":31,"column":8},"end":{"line":31,"column":41}},"15":{"start":{"line":33,"column":8},"end":{"line":33,"column":35}},"16":{"start":{"line":34,"column":8},"end":{"line":34,"column":24}},"17":{"start":{"line":38,"column":0},"end":{"line":40,"column":34}},"18":{"start":{"line":39,"column":4},"end":{"line":39,"column":69}},"19":{"start":{"line":39,"column":27},"end":{"line":39,"column":67}},"20":{"start":{"line":40,"column":16},"end":{"line":40,"column":32}}},"fnMap":{"0":{"name":"(anonymous_0)","decl":{"start":{"line":15,"column":8},"end":{"line":15,"column":9}},"loc":{"start":{"line":15,"column":28},"end":{"line":18,"column":1}},"line":15},"1":{"name":"(anonymous_1)","decl":{"start":{"line":23,"column":18},"end":{"line":23,"column":19}},"loc":{"start":{"line":23,"column":30},"end":{"line":36,"column":1}},"line":23},"2":{"name":"(anonymous_2)","decl":{"start":{"line":38,"column":17},"end":{"line":38,"column":18}},"loc":{"start":{"line":38,"column":23},"end":{"line":40,"column":1}},"line":38},"3":{"name":"(anonymous_3)","decl":{"start":{"line":39,"column":21},"end":{"line":39,"column":22}},"loc":{"start":{"line":39,"column":27},"end":{"line":39,"column":67}},"line":39},"4":{"name":"(anonymous_4)","decl":{"start":{"line":40,"column":9},"end":{"line":40,"column":10}},"loc":{"start":{"line":40,"column":16},"end":{"line":40,"column":32}},"line":40}},"branchMap":{},"s":{"0":1,"1":1,"2":1,"3":1,"4":1,"5":1,"6":10,"7":10,"8":1,"9":1,"10":1,"11":1,"12":1,"13":1,"14":1,"15":0,"16":0,"17":1,"18":1,"19":1,"20":0},"f":{"0":10,"1":1,"2":1,"3":1,"4":0},"b":{},"_coverageSchema":"1a1c01bbd47fc00a2c39e90264f33305004495a9","hash":"a42a17c1c5dd54e610ba947d4daaa50fc815797d"}
,"/Users/muskasaid/diaryapp/backend/controllers/postControllers.js": {"path":"/Users/muskasaid/diaryapp/backend/controllers/postControllers.js","statementMap":{"0":{"start":{"line":4,"column":27},"end":{"line":13,"column":1}},"1":{"start":{"line":5,"column":20},"end":{"line":5,"column":32}},"2":{"start":{"line":7,"column":4},"end":{"line":12,"column":5}},"3":{"start":{"line":8,"column":22},"end":{"line":8,"column":74}},"4":{"start":{"line":9,"column":8},"end":{"line":9,"column":36}},"5":{"start":{"line":11,"column":8},"end":{"line":11,"column":53}},"6":{"start":{"line":15,"column":23},"end":{"line":27,"column":1}},"7":{"start":{"line":16,"column":19},"end":{"line":16,"column":29}},"8":{"start":{"line":18,"column":4},"end":{"line":18,"column":108}},"9":{"start":{"line":18,"column":46},"end":{"line":18,"column":108}},"10":{"start":{"line":20,"column":4},"end":{"line":26,"column":5}},"11":{"start":{"line":21,"column":21},"end":{"line":21,"column":44}},"12":{"start":{"line":22,"column":8},"end":{"line":22,"column":81}},"13":{"start":{"line":22,"column":19},"end":{"line":22,"column":81}},"14":{"start":{"line":23,"column":8},"end":{"line":23,"column":35}},"15":{"start":{"line":25,"column":8},"end":{"line":25,"column":53}},"16":{"start":{"line":29,"column":26},"end":{"line":39,"column":1}},"17":{"start":{"line":30,"column":37},"end":{"line":30,"column":45}},"18":{"start":{"line":31,"column":20},"end":{"line":31,"column":32}},"19":{"start":{"line":33,"column":4},"end":{"line":38,"column":5}},"20":{"start":{"line":34,"column":21},"end":{"line":34,"column":73}},"21":{"start":{"line":35,"column":8},"end":{"line":35,"column":35}},"22":{"start":{"line":37,"column":8},"end":{"line":37,"column":53}},"23":{"start":{"line":41,"column":26},"end":{"line":54,"column":1}},"24":{"start":{"line":42,"column":19},"end":{"line":42,"column":29}},"25":{"start":{"line":44,"column":4},"end":{"line":44,"column":108}},"26":{"start":{"line":44,"column":46},"end":{"line":44,"column":108}},"27":{"start":{"line":46,"column":4},"end":{"line":53,"column":5}},"28":{"start":{"line":47,"column":21},"end":{"line":47,"column":44}},"29":{"start":{"line":48,"column":8},"end":{"line":48,"column":81}},"30":{"start":{"line":48,"column":19},"end":{"line":48,"column":81}},"31":{"start":{"line":49,"column":28},"end":{"line":49,"column":69}},"32":{"start":{"line":50,"column":8},"end":{"line":50,"column":42}},"33":{"start":{"line":52,"column":8},"end":{"line":52,"column":53}},"34":{"start":{"line":56,"column":26},"end":{"line":69,"column":1}},"35":{"start":{"line":57,"column":19},"end":{"line":57,"column":29}},"36":{"start":{"line":59,"column":4},"end":{"line":59,"column":108}},"37":{"start":{"line":59,"column":46},"end":{"line":59,"column":108}},"38":{"start":{"line":61,"column":4},"end":{"line":68,"column":5}},"39":{"start":{"line":62,"column":21},"end":{"line":62,"column":44}},"40":{"start":{"line":63,"column":8},"end":{"line":63,"column":81}},"41":{"start":{"line":63,"column":19},"end":{"line":63,"column":81}},"42":{"start":{"line":64,"column":28},"end":{"line":64,"column":86}},"43":{"start":{"line":65,"column":8},"end":{"line":65,"column":42}},"44":{"start":{"line":67,"column":8},"end":{"line":67,"column":53}}},"fnMap":{"0":{"name":"(anonymous_0)","decl":{"start":{"line":4,"column":27},"end":{"line":4,"column":28}},"loc":{"start":{"line":4,"column":47},"end":{"line":13,"column":1}},"line":4},"1":{"name":"(anonymous_1)","decl":{"start":{"line":15,"column":23},"end":{"line":15,"column":24}},"loc":{"start":{"line":15,"column":43},"end":{"line":27,"column":1}},"line":15},"2":{"name":"(anonymous_2)","decl":{"start":{"line":29,"column":26},"end":{"line":29,"column":27}},"loc":{"start":{"line":29,"column":46},"end":{"line":39,"column":1}},"line":29},"3":{"name":"(anonymous_3)","decl":{"start":{"line":41,"column":26},"end":{"line":41,"column":27}},"loc":{"start":{"line":41,"column":46},"end":{"line":54,"column":1}},"line":41},"4":{"name":"(anonymous_4)","decl":{"start":{"line":56,"column":26},"end":{"line":56,"column":27}},"loc":{"start":{"line":56,"column":46},"end":{"line":69,"column":1}},"line":56}},"branchMap":{"0":{"loc":{"start":{"line":18,"column":4},"end":{"line":18,"column":108}},"type":"if","locations":[{"start":{"line":18,"column":4},"end":{"line":18,"column":108}},{"start":{},"end":{}}],"line":18},"1":{"loc":{"start":{"line":22,"column":8},"end":{"line":22,"column":81}},"type":"if","locations":[{"start":{"line":22,"column":8},"end":{"line":22,"column":81}},{"start":{},"end":{}}],"line":22},"2":{"loc":{"start":{"line":44,"column":4},"end":{"line":44,"column":108}},"type":"if","locations":[{"start":{"line":44,"column":4},"end":{"line":44,"column":108}},{"start":{},"end":{}}],"line":44},"3":{"loc":{"start":{"line":48,"column":8},"end":{"line":48,"column":81}},"type":"if","locations":[{"start":{"line":48,"column":8},"end":{"line":48,"column":81}},{"start":{},"end":{}}],"line":48},"4":{"loc":{"start":{"line":59,"column":4},"end":{"line":59,"column":108}},"type":"if","locations":[{"start":{"line":59,"column":4},"end":{"line":59,"column":108}},{"start":{},"end":{}}],"line":59},"5":{"loc":{"start":{"line":63,"column":8},"end":{"line":63,"column":81}},"type":"if","locations":[{"start":{"line":63,"column":8},"end":{"line":63,"column":81}},{"start":{},"end":{}}],"line":63}},"s":{"0":1,"1":0,"2":0,"3":0,"4":0,"5":0,"6":1,"7":0,"8":0,"9":0,"10":0,"11":0,"12":0,"13":0,"14":0,"15":0,"16":1,"17":0,"18":0,"19":0,"20":0,"21":0,"22":0,"23":1,"24":0,"25":0,"26":0,"27":0,"28":0,"29":0,"30":0,"31":0,"32":0,"33":0,"34":1,"35":0,"36":0,"37":0,"38":0,"39":0,"40":0,"41":0,"42":0,"43":0,"44":0},"f":{"0":0,"1":0,"2":0,"3":0,"4":0},"b":{"0":[0,0],"1":[0,0],"2":[0,0],"3":[0,0],"4":[0,0],"5":[0,0]},"_coverageSchema":"1a1c01bbd47fc00a2c39e90264f33305004495a9","hash":"aa8b4a14b1693b32b98b6b7f50f0e8f5a210e84f"}
,"/Users/muskasaid/diaryapp/backend/controllers/userControllers.js": {"path":"/Users/muskasaid/diaryapp/backend/controllers/userControllers.js","statementMap":{"0":{"start":{"line":4,"column":20},"end":{"line":10,"column":1}},"1":{"start":{"line":5,"column":4},"end":{"line":9,"column":6}},"2":{"start":{"line":13,"column":26},"end":{"line":23,"column":1}},"3":{"start":{"line":14,"column":32},"end":{"line":14,"column":40}},"4":{"start":{"line":16,"column":4},"end":{"line":22,"column":5}},"5":{"start":{"line":17,"column":21},"end":{"line":17,"column":55}},"6":{"start":{"line":18,"column":22},"end":{"line":18,"column":43}},"7":{"start":{"line":19,"column":8},"end":{"line":19,"column":47}},"8":{"start":{"line":21,"column":8},"end":{"line":21,"column":53}},"9":{"start":{"line":26,"column":25},"end":{"line":36,"column":1}},"10":{"start":{"line":27,"column":32},"end":{"line":27,"column":40}},"11":{"start":{"line":29,"column":4},"end":{"line":35,"column":5}},"12":{"start":{"line":30,"column":21},"end":{"line":30,"column":54}},"13":{"start":{"line":31,"column":22},"end":{"line":31,"column":43}},"14":{"start":{"line":32,"column":8},"end":{"line":32,"column":47}},"15":{"start":{"line":34,"column":8},"end":{"line":34,"column":53}}},"fnMap":{"0":{"name":"(anonymous_0)","decl":{"start":{"line":4,"column":20},"end":{"line":4,"column":21}},"loc":{"start":{"line":4,"column":27},"end":{"line":10,"column":1}},"line":4},"1":{"name":"(anonymous_1)","decl":{"start":{"line":13,"column":26},"end":{"line":13,"column":27}},"loc":{"start":{"line":13,"column":46},"end":{"line":23,"column":1}},"line":13},"2":{"name":"(anonymous_2)","decl":{"start":{"line":26,"column":25},"end":{"line":26,"column":26}},"loc":{"start":{"line":26,"column":45},"end":{"line":36,"column":1}},"line":26}},"branchMap":{},"s":{"0":1,"1":2,"2":1,"3":6,"4":6,"5":6,"6":1,"7":1,"8":5,"9":1,"10":4,"11":4,"12":4,"13":1,"14":1,"15":3},"f":{"0":2,"1":6,"2":4},"b":{},"_coverageSchema":"1a1c01bbd47fc00a2c39e90264f33305004495a9","hash":"ef440179c85e8bf5ee853ad9e756433e1b9320d4"}
,"/Users/muskasaid/diaryapp/backend/middleware/auth.js": {"path":"/Users/muskasaid/diaryapp/backend/middleware/auth.js","statementMap":{"0":{"start":{"line":4,"column":27},"end":{"line":20,"column":1}},"1":{"start":{"line":5,"column":30},"end":{"line":5,"column":41}},"2":{"start":{"line":7,"column":4},"end":{"line":7,"column":95}},"3":{"start":{"line":7,"column":24},"end":{"line":7,"column":95}},"4":{"start":{"line":9,"column":18},"end":{"line":9,"column":45}},"5":{"start":{"line":11,"column":4},"end":{"line":19,"column":5}},"6":{"start":{"line":12,"column":24},"end":{"line":12,"column":65}},"7":{"start":{"line":13,"column":8},"end":{"line":13,"column":61}},"8":{"start":{"line":14,"column":8},"end":{"line":14,"column":15}},"9":{"start":{"line":16,"column":8},"end":{"line":16,"column":25}},"10":{"start":{"line":17,"column":8},"end":{"line":17,"column":58}},"11":{"start":{"line":18,"column":8},"end":{"line":18,"column":18}}},"fnMap":{"0":{"name":"(anonymous_0)","decl":{"start":{"line":4,"column":27},"end":{"line":4,"column":28}},"loc":{"start":{"line":4,"column":53},"end":{"line":20,"column":1}},"line":4}},"branchMap":{"0":{"loc":{"start":{"line":7,"column":4},"end":{"line":7,"column":95}},"type":"if","locations":[{"start":{"line":7,"column":4},"end":{"line":7,"column":95}},{"start":{},"end":{}}],"line":7}},"s":{"0":2,"1":2,"2":2,"3":1,"4":1,"5":1,"6":1,"7":0,"8":0,"9":1,"10":1,"11":1},"f":{"0":2},"b":{"0":[1,1]},"_coverageSchema":"1a1c01bbd47fc00a2c39e90264f33305004495a9","hash":"60d37604ceb56a34f5fa92c1bb041ab19b8424a4"}
,"/Users/muskasaid/diaryapp/backend/models/Post.js": {"path":"/Users/muskasaid/diaryapp/backend/models/Post.js","statementMap":{"0":{"start":{"line":4,"column":19},"end":{"line":41,"column":2}},"1":{"start":{"line":43,"column":0},"end":{"line":53,"column":3}},"2":{"start":{"line":44,"column":4},"end":{"line":51,"column":5}},"3":{"start":{"line":45,"column":8},"end":{"line":50,"column":9}},"4":{"start":{"line":46,"column":25},"end":{"line":46,"column":49}},"5":{"start":{"line":47,"column":12},"end":{"line":47,"column":67}},"6":{"start":{"line":49,"column":12},"end":{"line":49,"column":29}},"7":{"start":{"line":52,"column":4},"end":{"line":52,"column":11}}},"fnMap":{"0":{"name":"(anonymous_0)","decl":{"start":{"line":43,"column":23},"end":{"line":43,"column":24}},"loc":{"start":{"line":43,"column":45},"end":{"line":53,"column":1}},"line":43}},"branchMap":{"0":{"loc":{"start":{"line":44,"column":4},"end":{"line":51,"column":5}},"type":"if","locations":[{"start":{"line":44,"column":4},"end":{"line":51,"column":5}},{"start":{},"end":{}}],"line":44},"1":{"loc":{"start":{"line":44,"column":8},"end":{"line":44,"column":52}},"type":"binary-expr","locations":[{"start":{"line":44,"column":8},"end":{"line":44,"column":21}},{"start":{"line":44,"column":25},"end":{"line":44,"column":52}}],"line":44}},"s":{"0":2,"1":2,"2":3,"3":1,"4":1,"5":1,"6":0,"7":3},"f":{"0":3},"b":{"0":[1,2],"1":[3,1]},"_coverageSchema":"1a1c01bbd47fc00a2c39e90264f33305004495a9","hash":"e912980ac3f358a73709c799effc6551e2c4983d"}
,"/Users/muskasaid/diaryapp/backend/models/User.js": {"path":"/Users/muskasaid/diaryapp/backend/models/User.js","statementMap":{"0":{"start":{"line":5,"column":19},"end":{"line":19,"column":2}},"1":{"start":{"line":21,"column":0},"end":{"line":35,"column":2}},"2":{"start":{"line":22,"column":4},"end":{"line":22,"column":64}},"3":{"start":{"line":22,"column":29},"end":{"line":22,"column":64}},"4":{"start":{"line":23,"column":4},"end":{"line":23,"column":64}},"5":{"start":{"line":23,"column":35},"end":{"line":23,"column":64}},"6":{"start":{"line":24,"column":4},"end":{"line":24,"column":82}},"7":{"start":{"line":24,"column":47},"end":{"line":24,"column":82}},"8":{"start":{"line":26,"column":19},"end":{"line":26,"column":48}},"9":{"start":{"line":27,"column":4},"end":{"line":27,"column":56}},"10":{"start":{"line":27,"column":16},"end":{"line":27,"column":56}},"11":{"start":{"line":29,"column":17},"end":{"line":29,"column":41}},"12":{"start":{"line":30,"column":17},"end":{"line":30,"column":50}},"13":{"start":{"line":32,"column":17},"end":{"line":32,"column":61}},"14":{"start":{"line":34,"column":4},"end":{"line":34,"column":16}},"15":{"start":{"line":37,"column":0},"end":{"line":48,"column":2}},"16":{"start":{"line":38,"column":4},"end":{"line":38,"column":64}},"17":{"start":{"line":38,"column":29},"end":{"line":38,"column":64}},"18":{"start":{"line":40,"column":17},"end":{"line":40,"column":46}},"19":{"start":{"line":41,"column":4},"end":{"line":41,"column":51}},"20":{"start":{"line":41,"column":15},"end":{"line":41,"column":51}},"21":{"start":{"line":43,"column":18},"end":{"line":43,"column":63}},"22":{"start":{"line":45,"column":4},"end":{"line":45,"column":50}},"23":{"start":{"line":45,"column":16},"end":{"line":45,"column":50}},"24":{"start":{"line":47,"column":4},"end":{"line":47,"column":16}}},"fnMap":{"0":{"name":"(anonymous_0)","decl":{"start":{"line":21,"column":28},"end":{"line":21,"column":29}},"loc":{"start":{"line":21,"column":60},"end":{"line":35,"column":1}},"line":21},"1":{"name":"(anonymous_1)","decl":{"start":{"line":37,"column":27},"end":{"line":37,"column":28}},"loc":{"start":{"line":37,"column":59},"end":{"line":48,"column":1}},"line":37}},"branchMap":{"0":{"loc":{"start":{"line":22,"column":4},"end":{"line":22,"column":64}},"type":"if","locations":[{"start":{"line":22,"column":4},"end":{"line":22,"column":64}},{"start":{},"end":{}}],"line":22},"1":{"loc":{"start":{"line":22,"column":8},"end":{"line":22,"column":27}},"type":"binary-expr","locations":[{"start":{"line":22,"column":8},"end":{"line":22,"column":14}},{"start":{"line":22,"column":18},"end":{"line":22,"column":27}}],"line":22},"2":{"loc":{"start":{"line":23,"column":4},"end":{"line":23,"column":64}},"type":"if","locations":[{"start":{"line":23,"column":4},"end":{"line":23,"column":64}},{"start":{},"end":{}}],"line":23},"3":{"loc":{"start":{"line":24,"column":4},"end":{"line":24,"column":82}},"type":"if","locations":[{"start":{"line":24,"column":4},"end":{"line":24,"column":82}},{"start":{},"end":{}}],"line":24},"4":{"loc":{"start":{"line":27,"column":4},"end":{"line":27,"column":56}},"type":"if","locations":[{"start":{"line":27,"column":4},"end":{"line":27,"column":56}},{"start":{},"end":{}}],"line":27},"5":{"loc":{"start":{"line":38,"column":4},"end":{"line":38,"column":64}},"type":"if","locations":[{"start":{"line":38,"column":4},"end":{"line":38,"column":64}},{"start":{},"end":{}}],"line":38},"6":{"loc":{"start":{"line":38,"column":8},"end":{"line":38,"column":27}},"type":"binary-expr","locations":[{"start":{"line":38,"column":8},"end":{"line":38,"column":14}},{"start":{"line":38,"column":18},"end":{"line":38,"column":27}}],"line":38},"7":{"loc":{"start":{"line":41,"column":4},"end":{"line":41,"column":51}},"type":"if","locations":[{"start":{"line":41,"column":4},"end":{"line":41,"column":51}},{"start":{},"end":{}}],"line":41},"8":{"loc":{"start":{"line":45,"column":4},"end":{"line":45,"column":50}},"type":"if","locations":[{"start":{"line":45,"column":4},"end":{"line":45,"column":50}},{"start":{},"end":{}}],"line":45}},"s":{"0":3,"1":3,"2":15,"3":2,"4":13,"5":2,"6":11,"7":2,"8":9,"9":9,"10":4,"11":5,"12":5,"13":5,"14":5,"15":3,"16":9,"17":3,"18":6,"19":6,"20":2,"21":4,"22":4,"23":2,"24":2},"f":{"0":15,"1":9},"b":{"0":[2,13],"1":[15,14],"2":[2,11],"3":[2,9],"4":[4,5],"5":[3,6],"6":[9,7],"7":[2,4],"8":[2,2]},"_coverageSchema":"1a1c01bbd47fc00a2c39e90264f33305004495a9","hash":"917dbf8b9933cba7cee8d5993bb08aa8f85f1acd"}
,"/Users/muskasaid/diaryapp/backend/routes/posts.js": {"path":"/Users/muskasaid/diaryapp/backend/routes/posts.js","statementMap":{"0":{"start":{"line":11,"column":15},"end":{"line":11,"column":31}},"1":{"start":{"line":12,"column":0},"end":{"line":12,"column":24}},"2":{"start":{"line":14,"column":0},"end":{"line":14,"column":29}},"3":{"start":{"line":15,"column":0},"end":{"line":15,"column":28}},"4":{"start":{"line":16,"column":0},"end":{"line":16,"column":29}},"5":{"start":{"line":17,"column":0},"end":{"line":17,"column":34}},"6":{"start":{"line":18,"column":0},"end":{"line":18,"column":33}}},"fnMap":{},"branchMap":{},"s":{"0":1,"1":1,"2":1,"3":1,"4":1,"5":1,"6":1},"f":{},"b":{},"_coverageSchema":"1a1c01bbd47fc00a2c39e90264f33305004495a9","hash":"f3443c4cbe672af854c7656dc82bbfb9e5dc4f8f"}
,"/Users/muskasaid/diaryapp/backend/routes/users.js": {"path":"/Users/muskasaid/diaryapp/backend/routes/users.js","statementMap":{"0":{"start":{"line":7,"column":15},"end":{"line":7,"column":31}},"1":{"start":{"line":9,"column":0},"end":{"line":9,"column":35}},"2":{"start":{"line":10,"column":0},"end":{"line":10,"column":33}}},"fnMap":{},"branchMap":{},"s":{"0":1,"1":1,"2":1},"f":{},"b":{},"_coverageSchema":"1a1c01bbd47fc00a2c39e90264f33305004495a9","hash":"0ab374dad6a70eabb6ea02a2aff92221fe565da2"}
}
